<?xml version="1.0" encoding="UTF-8"?>
<testng-results ignored="0" total="1" passed="1" failed="0" skipped="0">
  <reporter-output>
  </reporter-output>
  <suite started-at="2025-07-17T11:22:53 IST" name="Suite" finished-at="2025-07-17T11:23:07 IST" duration-ms="14141">
    <groups>
    </groups>
    <test started-at="2025-07-17T11:22:53 IST" name="Test" finished-at="2025-07-17T11:23:07 IST" duration-ms="14141">
      <class name="TestScripts.NotesTest">
        <test-method is-config="true" signature="browserinitailzation(java.lang.String)[pri:0, instance:TestScripts.NotesTest@248e319b]" started-at="2025-07-17T11:22:53 IST" name="browserinitailzation" finished-at="2025-07-17T11:23:05 IST" duration-ms="12048" status="PASS">
          <params>
            <param index="0">
              <value>
                <![CDATA[Chrome]]>
              </value>
            </param>
          </params>
          <reporter-output>
          </reporter-output>
        </test-method> <!-- browserinitailzation -->
        <test-method signature="addNotes()[pri:0, instance:TestScripts.NotesTest@248e319b]" started-at="2025-07-17T11:23:05 IST" name="addNotes" finished-at="2025-07-17T11:23:07 IST" duration-ms="2004" status="PASS">
          <reporter-output>
          </reporter-output>
        </test-method> <!-- addNotes -->
      </class> <!-- TestScripts.NotesTest -->
    </test> <!-- Test -->
  </suite> <!-- Suite -->
</testng-results>
